[0.105s] DEBUG:colcon:Command line arguments: ['/usr/bin/colcon', 'build']
[0.105s] DEBUG:colcon:Parsed command line arguments: Namespace(log_base=None, log_level=None, verb_name='build', build_base='build', install_base='install', merge_install=False, symlink_install=False, test_result_base=None, continue_on_error=False, executor='parallel', parallel_workers=8, event_handlers=None, ignore_user_meta=False, metas=['./colcon.meta'], base_paths=['.'], packages_ignore=None, packages_ignore_regex=None, paths=None, packages_up_to=None, packages_up_to_regex=None, packages_above=None, packages_above_and_dependencies=None, packages_above_depth=None, packages_select_by_dep=None, packages_skip_by_dep=None, packages_skip_up_to=None, packages_select_build_failed=False, packages_skip_build_finished=False, packages_select_test_failures=False, packages_skip_test_passed=False, packages_select=None, packages_skip=None, packages_select_regex=None, packages_skip_regex=None, packages_start=None, packages_end=None, allow_overriding=[], cmake_args=None, cmake_target=None, cmake_target_skip_unavailable=False, cmake_clean_cache=False, cmake_clean_first=False, cmake_force_configure=False, ament_cmake_args=None, catkin_cmake_args=None, catkin_skip_building_tests=False, mixin_files=None, mixin=None, verb_parser=<colcon_mixin.mixin.mixin_argument.MixinArgumentDecorator object at 0x764e90c51690>, verb_extension=<colcon_core.verb.build.BuildVerb object at 0x764e90dcf070>, main=<bound method BuildVerb.main of <colcon_core.verb.build.BuildVerb object at 0x764e90dcf070>>, mixin_verb=('build',))
[0.258s] Level 1:colcon.colcon_core.package_discovery:discover_packages(colcon_meta) check parameters
[0.258s] Level 1:colcon.colcon_core.package_discovery:discover_packages(recursive) check parameters
[0.258s] Level 1:colcon.colcon_core.package_discovery:discover_packages(ignore) check parameters
[0.259s] Level 1:colcon.colcon_core.package_discovery:discover_packages(path) check parameters
[0.259s] Level 1:colcon.colcon_core.package_discovery:discover_packages(colcon_meta) discover
[0.259s] Level 1:colcon.colcon_core.package_discovery:discover_packages(recursive) discover
[0.259s] INFO:colcon.colcon_core.package_discovery:Crawling recursively for packages in '/home/jos/Escritorio/roarm_description'
[0.259s] Level 1:colcon.colcon_core.package_identification:_identify(.) by extensions ['ignore', 'ignore_ament_install']
[0.259s] Level 1:colcon.colcon_core.package_identification:_identify(.) by extension 'ignore'
[0.259s] Level 1:colcon.colcon_core.package_identification:_identify(.) by extension 'ignore_ament_install'
[0.259s] Level 1:colcon.colcon_core.package_identification:_identify(.) by extensions ['colcon_pkg']
[0.259s] Level 1:colcon.colcon_core.package_identification:_identify(.) by extension 'colcon_pkg'
[0.259s] Level 1:colcon.colcon_core.package_identification:_identify(.) by extensions ['colcon_meta']
[0.259s] Level 1:colcon.colcon_core.package_identification:_identify(.) by extension 'colcon_meta'
[0.259s] Level 1:colcon.colcon_core.package_identification:_identify(.) by extensions ['ros']
[0.259s] Level 1:colcon.colcon_core.package_identification:_identify(.) by extension 'ros'
[0.272s] DEBUG:colcon.colcon_core.package_identification:Package '.' with type 'ros.ament_cmake' and name 'roarm_description'
[0.273s] Level 1:colcon.colcon_core.package_discovery:discover_packages(recursive) using defaults
[0.273s] Level 1:colcon.colcon_core.package_discovery:discover_packages(ignore) discover
[0.273s] Level 1:colcon.colcon_core.package_discovery:discover_packages(ignore) using defaults
[0.273s] Level 1:colcon.colcon_core.package_discovery:discover_packages(path) discover
[0.273s] Level 1:colcon.colcon_core.package_discovery:discover_packages(path) using defaults
[0.330s] Level 1:colcon.colcon_core.package_discovery:discover_packages(prefix_path) check parameters
[0.331s] Level 1:colcon.colcon_core.package_discovery:discover_packages(prefix_path) discover
[0.331s] WARNING:colcon.colcon_ros.prefix_path.ament:The path '/home/jos/Escritorio/roarm_description/install/roarm_description' in the environment variable AMENT_PREFIX_PATH doesn't exist
[0.332s] WARNING:colcon.colcon_ros.prefix_path.catkin:The path '/home/jos/Escritorio/roarm_description/install/roarm_description' in the environment variable CMAKE_PREFIX_PATH doesn't exist
[0.332s] DEBUG:colcon.colcon_installed_package_information.package_discovery:Found 0 installed packages in /home/jos/Escritorio/roarm_description/install
[0.332s] DEBUG:colcon.colcon_installed_package_information.package_discovery:Found 1 installed packages in /home/jos/ros2_ws/install
[0.334s] DEBUG:colcon.colcon_installed_package_information.package_discovery:Found 387 installed packages in /opt/ros/humble
[0.336s] Level 1:colcon.colcon_core.package_discovery:discover_packages(prefix_path) using defaults
[0.379s] Level 5:colcon.colcon_core.verb:set package 'roarm_description' build argument 'cmake_args' from command line to 'None'
[0.379s] Level 5:colcon.colcon_core.verb:set package 'roarm_description' build argument 'cmake_target' from command line to 'None'
[0.379s] Level 5:colcon.colcon_core.verb:set package 'roarm_description' build argument 'cmake_target_skip_unavailable' from command line to 'False'
[0.379s] Level 5:colcon.colcon_core.verb:set package 'roarm_description' build argument 'cmake_clean_cache' from command line to 'False'
[0.379s] Level 5:colcon.colcon_core.verb:set package 'roarm_description' build argument 'cmake_clean_first' from command line to 'False'
[0.379s] Level 5:colcon.colcon_core.verb:set package 'roarm_description' build argument 'cmake_force_configure' from command line to 'False'
[0.379s] Level 5:colcon.colcon_core.verb:set package 'roarm_description' build argument 'ament_cmake_args' from command line to 'None'
[0.379s] Level 5:colcon.colcon_core.verb:set package 'roarm_description' build argument 'catkin_cmake_args' from command line to 'None'
[0.379s] Level 5:colcon.colcon_core.verb:set package 'roarm_description' build argument 'catkin_skip_building_tests' from command line to 'False'
[0.379s] DEBUG:colcon.colcon_core.verb:Building package 'roarm_description' with the following arguments: {'ament_cmake_args': None, 'build_base': '/home/jos/Escritorio/roarm_description/build/roarm_description', 'catkin_cmake_args': None, 'catkin_skip_building_tests': False, 'cmake_args': None, 'cmake_clean_cache': False, 'cmake_clean_first': False, 'cmake_force_configure': False, 'cmake_target': None, 'cmake_target_skip_unavailable': False, 'install_base': '/home/jos/Escritorio/roarm_description/install/roarm_description', 'merge_install': False, 'path': '/home/jos/Escritorio/roarm_description', 'symlink_install': False, 'test_result_base': None}
[0.380s] INFO:colcon.colcon_core.executor:Executing jobs using 'parallel' executor
[0.381s] DEBUG:colcon.colcon_parallel_executor.executor.parallel:run_until_complete
[0.381s] INFO:colcon.colcon_ros.task.ament_cmake.build:Building ROS package in '/home/jos/Escritorio/roarm_description' with build type 'ament_cmake'
[0.381s] INFO:colcon.colcon_cmake.task.cmake.build:Building CMake package in '/home/jos/Escritorio/roarm_description'
[0.383s] INFO:colcon.colcon_core.plugin_system:Skipping extension 'colcon_core.shell.bat': Not used on non-Windows systems
[0.383s] INFO:colcon.colcon_core.shell:Skip shell extension 'powershell' for command environment: Not usable outside of PowerShell
[0.383s] DEBUG:colcon.colcon_core.shell:Skip shell extension 'dsv' for command environment
[0.398s] DEBUG:colcon.colcon_core.event_handler.log_command:Invoking command in '/home/jos/Escritorio/roarm_description/build/roarm_description': CMAKE_PREFIX_PATH=${CMAKE_PREFIX_PATH}:/opt/ros/humble /usr/bin/cmake /home/jos/Escritorio/roarm_description -DCMAKE_INSTALL_PREFIX=/home/jos/Escritorio/roarm_description/install/roarm_description
[2.035s] DEBUG:colcon.colcon_core.event_handler.log_command:Invoked command in '/home/jos/Escritorio/roarm_description/build/roarm_description' returned '0': CMAKE_PREFIX_PATH=${CMAKE_PREFIX_PATH}:/opt/ros/humble /usr/bin/cmake /home/jos/Escritorio/roarm_description -DCMAKE_INSTALL_PREFIX=/home/jos/Escritorio/roarm_description/install/roarm_description
[2.038s] DEBUG:colcon.colcon_core.event_handler.log_command:Invoking command in '/home/jos/Escritorio/roarm_description/build/roarm_description': CMAKE_PREFIX_PATH=${CMAKE_PREFIX_PATH}:/opt/ros/humble /usr/bin/cmake --build /home/jos/Escritorio/roarm_description/build/roarm_description -- -j8 -l8
[2.093s] DEBUG:colcon.colcon_core.event_handler.log_command:Invoked command in '/home/jos/Escritorio/roarm_description/build/roarm_description' returned '0': CMAKE_PREFIX_PATH=${CMAKE_PREFIX_PATH}:/opt/ros/humble /usr/bin/cmake --build /home/jos/Escritorio/roarm_description/build/roarm_description -- -j8 -l8
[2.106s] DEBUG:colcon.colcon_core.event_handler.log_command:Invoking command in '/home/jos/Escritorio/roarm_description/build/roarm_description': CMAKE_PREFIX_PATH=${CMAKE_PREFIX_PATH}:/opt/ros/humble /usr/bin/cmake --install /home/jos/Escritorio/roarm_description/build/roarm_description
[2.163s] Level 1:colcon.colcon_core.environment:create_environment_scripts_only(roarm_description)
[2.163s] DEBUG:colcon.colcon_core.event_handler.log_command:Invoked command in '/home/jos/Escritorio/roarm_description/build/roarm_description' returned '0': CMAKE_PREFIX_PATH=${CMAKE_PREFIX_PATH}:/opt/ros/humble /usr/bin/cmake --install /home/jos/Escritorio/roarm_description/build/roarm_description
[2.165s] Level 1:colcon.colcon_core.environment:checking '/home/jos/Escritorio/roarm_description/install/roarm_description' for CMake module files
[2.165s] Level 1:colcon.colcon_core.environment:checking '/home/jos/Escritorio/roarm_description/install/roarm_description' for CMake config files
[2.166s] Level 1:colcon.colcon_core.shell:create_environment_hook('roarm_description', 'cmake_prefix_path')
[2.166s] INFO:colcon.colcon_core.shell:Creating environment hook '/home/jos/Escritorio/roarm_description/install/roarm_description/share/roarm_description/hook/cmake_prefix_path.ps1'
[2.166s] INFO:colcon.colcon_core.shell:Creating environment descriptor '/home/jos/Escritorio/roarm_description/install/roarm_description/share/roarm_description/hook/cmake_prefix_path.dsv'
[2.167s] INFO:colcon.colcon_core.shell:Creating environment hook '/home/jos/Escritorio/roarm_description/install/roarm_description/share/roarm_description/hook/cmake_prefix_path.sh'
[2.167s] Level 1:colcon.colcon_core.environment:checking '/home/jos/Escritorio/roarm_description/install/roarm_description/bin'
[2.168s] Level 1:colcon.colcon_core.environment:checking '/home/jos/Escritorio/roarm_description/install/roarm_description/lib/pkgconfig/roarm_description.pc'
[2.168s] Level 1:colcon.colcon_core.environment:checking '/home/jos/Escritorio/roarm_description/install/roarm_description/lib/python3.10/site-packages'
[2.168s] Level 1:colcon.colcon_core.environment:checking '/home/jos/Escritorio/roarm_description/install/roarm_description/bin'
[2.168s] INFO:colcon.colcon_core.shell:Creating package script '/home/jos/Escritorio/roarm_description/install/roarm_description/share/roarm_description/package.ps1'
[2.169s] INFO:colcon.colcon_core.shell:Creating package descriptor '/home/jos/Escritorio/roarm_description/install/roarm_description/share/roarm_description/package.dsv'
[2.169s] INFO:colcon.colcon_core.shell:Creating package script '/home/jos/Escritorio/roarm_description/install/roarm_description/share/roarm_description/package.sh'
[2.170s] INFO:colcon.colcon_core.shell:Creating package script '/home/jos/Escritorio/roarm_description/install/roarm_description/share/roarm_description/package.bash'
[2.171s] INFO:colcon.colcon_core.shell:Creating package script '/home/jos/Escritorio/roarm_description/install/roarm_description/share/roarm_description/package.zsh'
[2.171s] Level 1:colcon.colcon_core.environment:create_file_with_runtime_dependencies(/home/jos/Escritorio/roarm_description/install/roarm_description/share/colcon-core/packages/roarm_description)
[2.172s] Level 1:colcon.colcon_core.environment:create_environment_scripts_only(roarm_description)
[2.172s] Level 1:colcon.colcon_core.environment:checking '/home/jos/Escritorio/roarm_description/install/roarm_description' for CMake module files
[2.172s] Level 1:colcon.colcon_core.environment:checking '/home/jos/Escritorio/roarm_description/install/roarm_description' for CMake config files
[2.173s] Level 1:colcon.colcon_core.shell:create_environment_hook('roarm_description', 'cmake_prefix_path')
[2.173s] INFO:colcon.colcon_core.shell:Creating environment hook '/home/jos/Escritorio/roarm_description/install/roarm_description/share/roarm_description/hook/cmake_prefix_path.ps1'
[2.173s] INFO:colcon.colcon_core.shell:Creating environment descriptor '/home/jos/Escritorio/roarm_description/install/roarm_description/share/roarm_description/hook/cmake_prefix_path.dsv'
[2.174s] INFO:colcon.colcon_core.shell:Creating environment hook '/home/jos/Escritorio/roarm_description/install/roarm_description/share/roarm_description/hook/cmake_prefix_path.sh'
[2.174s] Level 1:colcon.colcon_core.environment:checking '/home/jos/Escritorio/roarm_description/install/roarm_description/bin'
[2.174s] Level 1:colcon.colcon_core.environment:checking '/home/jos/Escritorio/roarm_description/install/roarm_description/lib/pkgconfig/roarm_description.pc'
[2.175s] Level 1:colcon.colcon_core.environment:checking '/home/jos/Escritorio/roarm_description/install/roarm_description/lib/python3.10/site-packages'
[2.175s] Level 1:colcon.colcon_core.environment:checking '/home/jos/Escritorio/roarm_description/install/roarm_description/bin'
[2.175s] INFO:colcon.colcon_core.shell:Creating package script '/home/jos/Escritorio/roarm_description/install/roarm_description/share/roarm_description/package.ps1'
[2.176s] INFO:colcon.colcon_core.shell:Creating package descriptor '/home/jos/Escritorio/roarm_description/install/roarm_description/share/roarm_description/package.dsv'
[2.176s] INFO:colcon.colcon_core.shell:Creating package script '/home/jos/Escritorio/roarm_description/install/roarm_description/share/roarm_description/package.sh'
[2.176s] INFO:colcon.colcon_core.shell:Creating package script '/home/jos/Escritorio/roarm_description/install/roarm_description/share/roarm_description/package.bash'
[2.177s] INFO:colcon.colcon_core.shell:Creating package script '/home/jos/Escritorio/roarm_description/install/roarm_description/share/roarm_description/package.zsh'
[2.177s] Level 1:colcon.colcon_core.environment:create_file_with_runtime_dependencies(/home/jos/Escritorio/roarm_description/install/roarm_description/share/colcon-core/packages/roarm_description)
[2.177s] DEBUG:colcon.colcon_parallel_executor.executor.parallel:closing loop
[2.178s] DEBUG:colcon.colcon_parallel_executor.executor.parallel:loop closed
[2.178s] DEBUG:colcon.colcon_parallel_executor.executor.parallel:run_until_complete finished with '0'
[2.178s] DEBUG:colcon.colcon_core.event_reactor:joining thread
[2.182s] INFO:colcon.colcon_core.plugin_system:Skipping extension 'colcon_notification.desktop_notification.terminal_notifier': Not used on non-Darwin systems
[2.183s] INFO:colcon.colcon_core.plugin_system:Skipping extension 'colcon_notification.desktop_notification.win32': Not used on non-Windows systems
[2.183s] INFO:colcon.colcon_notification.desktop_notification:Sending desktop notification using 'notify2'
[2.192s] DEBUG:colcon.colcon_core.event_reactor:joined thread
[2.193s] INFO:colcon.colcon_core.shell:Creating prefix script '/home/jos/Escritorio/roarm_description/install/local_setup.ps1'
[2.194s] INFO:colcon.colcon_core.shell:Creating prefix util module '/home/jos/Escritorio/roarm_description/install/_local_setup_util_ps1.py'
[2.195s] INFO:colcon.colcon_core.shell:Creating prefix chain script '/home/jos/Escritorio/roarm_description/install/setup.ps1'
[2.196s] INFO:colcon.colcon_core.shell:Creating prefix script '/home/jos/Escritorio/roarm_description/install/local_setup.sh'
[2.196s] INFO:colcon.colcon_core.shell:Creating prefix util module '/home/jos/Escritorio/roarm_description/install/_local_setup_util_sh.py'
[2.197s] INFO:colcon.colcon_core.shell:Creating prefix chain script '/home/jos/Escritorio/roarm_description/install/setup.sh'
[2.198s] INFO:colcon.colcon_core.shell:Creating prefix script '/home/jos/Escritorio/roarm_description/install/local_setup.bash'
[2.198s] INFO:colcon.colcon_core.shell:Creating prefix chain script '/home/jos/Escritorio/roarm_description/install/setup.bash'
[2.200s] INFO:colcon.colcon_core.shell:Creating prefix script '/home/jos/Escritorio/roarm_description/install/local_setup.zsh'
[2.201s] INFO:colcon.colcon_core.shell:Creating prefix chain script '/home/jos/Escritorio/roarm_description/install/setup.zsh'
