[0.016s] Invoking command in '/home/jos/Escritorio/roarm_description/build/roarm_description': CMAKE_PREFIX_PATH=${CMAKE_PREFIX_PATH}:/opt/ros/humble /usr/bin/cmake /home/jos/Escritorio/roarm_description -DCMAKE_INSTALL_PREFIX=/home/jos/Escritorio/roarm_description/install/roarm_description
[0.031s] -- Found ament_cmake: 1.3.12 (/opt/ros/humble/share/ament_cmake/cmake)
[0.170s] -- Found rclcpp: 16.0.17 (/opt/ros/humble/share/rclcpp/cmake)
[0.198s] -- Found rosidl_generator_c: 3.1.8 (/opt/ros/humble/share/rosidl_generator_c/cmake)
[0.200s] -- Found rosidl_adapter: 3.1.8 (/opt/ros/humble/share/rosidl_adapter/cmake)
[0.206s] -- Found rosidl_generator_cpp: 3.1.8 (/opt/ros/humble/share/rosidl_generator_cpp/cmake)
[0.215s] -- Using all available rosidl_typesupport_c: rosidl_typesupport_fastrtps_c;rosidl_typesupport_introspection_c
[0.226s] -- Using all available rosidl_typesupport_cpp: rosidl_typesupport_fastrtps_cpp;rosidl_typesupport_introspection_cpp
[0.259s] -- Found rmw_implementation_cmake: 6.1.2 (/opt/ros/humble/share/rmw_implementation_cmake/cmake)
[0.261s] -- Found rmw_fastrtps_cpp: 6.2.9 (/opt/ros/humble/share/rmw_fastrtps_cpp/cmake)
[0.387s] -- Using RMW implementation 'rmw_fastrtps_cpp' as default
[0.434s] -- Found sensor_msgs: 4.9.0 (/opt/ros/humble/share/sensor_msgs/cmake)
[0.459s] -- Found gazebo_ros2_control: 0.4.10 (/opt/ros/humble/share/gazebo_ros2_control/cmake)
[0.620s] -- Found DART: /usr/include (Required is at least version "6.6") found components: dart 
[0.656s] -- Found Protobuf: /usr/lib/x86_64-linux-gnu/libprotobuf.so (found version "3.12.4") 
[0.657s] -- Looking for ignition-math6 -- found version 6.15.1
[0.661s] -- Searching for dependencies of ignition-math6
[0.663s] -- Looking for OGRE...
[0.671s] -- Found Ogre Ghadamon (1.9.0)
[0.671s] -- Found OGRE: optimized;/usr/lib/x86_64-linux-gnu/libOgreMain.so;debug;/usr/lib/x86_64-linux-gnu/libOgreMain.so
[0.683s] -- Looking for OGRE_Paging...
[0.683s] -- Found OGRE_Paging: optimized;/usr/lib/x86_64-linux-gnu/libOgrePaging.so;debug;/usr/lib/x86_64-linux-gnu/libOgrePaging.so
[0.684s] -- Looking for OGRE_Terrain...
[0.684s] -- Found OGRE_Terrain: optimized;/usr/lib/x86_64-linux-gnu/libOgreTerrain.so;debug;/usr/lib/x86_64-linux-gnu/libOgreTerrain.so
[0.684s] -- Looking for OGRE_Property...
[0.684s] -- Found OGRE_Property: optimized;/usr/lib/x86_64-linux-gnu/libOgreProperty.so;debug;/usr/lib/x86_64-linux-gnu/libOgreProperty.so
[0.684s] -- Looking for OGRE_RTShaderSystem...
[0.684s] -- Found OGRE_RTShaderSystem: optimized;/usr/lib/x86_64-linux-gnu/libOgreRTShaderSystem.so;debug;/usr/lib/x86_64-linux-gnu/libOgreRTShaderSystem.so
[0.684s] -- Looking for OGRE_Volume...
[0.684s] -- Found OGRE_Volume: optimized;/usr/lib/x86_64-linux-gnu/libOgreVolume.so;debug;/usr/lib/x86_64-linux-gnu/libOgreVolume.so
[0.684s] -- Looking for OGRE_Overlay...
[0.684s] -- Found OGRE_Overlay: optimized;/usr/lib/x86_64-linux-gnu/libOgreOverlay.so;debug;/usr/lib/x86_64-linux-gnu/libOgreOverlay.so
[1.053s] -- Looking for ignition-math6 -- found version 6.15.1
[1.053s] -- Looking for ignition-transport8 -- found version 8.2.1
[1.053s] -- Searching for dependencies of ignition-transport8
[1.077s] -- Found Protobuf: /usr/lib/x86_64-linux-gnu/libprotobuf.so (found suitable version "3.12.4", minimum required is "3") 
[1.090s] -- Config-file not installed for ZeroMQ -- checking for pkg-config
[1.097s] -- Checking for module 'libzmq >= 4'
[1.121s] --   Found libzmq , version 4.3.4
[1.196s] -- Checking for module 'uuid'
[1.219s] --   Found uuid, version 2.37.2
[1.280s] -- Looking for ignition-msgs5 -- found version 5.8.1
[1.280s] -- Searching for dependencies of ignition-msgs5
[1.304s] -- Looking for ignition-math6 -- found version 6.15.1
[1.313s] -- Looking for ignition-msgs5 -- found version 5.8.1
[1.314s] -- Looking for ignition-common3 -- found version 3.14.0
[1.314s] -- Searching for dependencies of ignition-common3
[1.314s] -- Looking for dlfcn.h - found
[1.314s] -- Looking for libdl - found
[1.329s] -- Searching for <ignition-common3> component [graphics]
[1.330s] -- Looking for ignition-common3-graphics -- found version 3.14.0
[1.330s] -- Searching for dependencies of ignition-common3-graphics
[1.330s] -- Looking for ignition-math6 -- found version 6.15.1
[1.332s] -- Looking for ignition-fuel_tools4 -- found version 4.4.0
[1.332s] -- Searching for dependencies of ignition-fuel_tools4
[1.391s] -- Checking for module 'jsoncpp'
[1.413s] --   Found jsoncpp, version 1.9.5
[1.474s] -- Checking for module 'libzip'
[1.496s] --   Found libzip, version 1.7.3
[1.554s] -- Looking for ignition-common3 -- found version 3.14.0
[1.554s] -- Looking for ignition-math6 -- found version 6.15.1
[1.554s] -- Looking for ignition-msgs5 -- found version 5.8.1
[1.556s] -- Gazebo version: 11.10
[1.628s] -- Configuring done
[1.635s] -- Generating done
[1.639s] -- Build files have been written to: /home/jos/Escritorio/roarm_description/build/roarm_description
[1.654s] Invoked command in '/home/jos/Escritorio/roarm_description/build/roarm_description' returned '0': CMAKE_PREFIX_PATH=${CMAKE_PREFIX_PATH}:/opt/ros/humble /usr/bin/cmake /home/jos/Escritorio/roarm_description -DCMAKE_INSTALL_PREFIX=/home/jos/Escritorio/roarm_description/install/roarm_description
[1.656s] Invoking command in '/home/jos/Escritorio/roarm_description/build/roarm_description': CMAKE_PREFIX_PATH=${CMAKE_PREFIX_PATH}:/opt/ros/humble /usr/bin/cmake --build /home/jos/Escritorio/roarm_description/build/roarm_description -- -j8 -l8
[1.711s] Invoked command in '/home/jos/Escritorio/roarm_description/build/roarm_description' returned '0': CMAKE_PREFIX_PATH=${CMAKE_PREFIX_PATH}:/opt/ros/humble /usr/bin/cmake --build /home/jos/Escritorio/roarm_description/build/roarm_description -- -j8 -l8
[1.724s] Invoking command in '/home/jos/Escritorio/roarm_description/build/roarm_description': CMAKE_PREFIX_PATH=${CMAKE_PREFIX_PATH}:/opt/ros/humble /usr/bin/cmake --install /home/jos/Escritorio/roarm_description/build/roarm_description
[1.734s] -- Install configuration: ""
[1.734s] -- Installing: /home/jos/Escritorio/roarm_description/install/roarm_description/share/roarm_description/config
[1.734s] -- Installing: /home/jos/Escritorio/roarm_description/install/roarm_description/share/roarm_description/config/controllers.yaml
[1.735s] -- Installing: /home/jos/Escritorio/roarm_description/install/roarm_description/share/roarm_description/launch
[1.735s] -- Installing: /home/jos/Escritorio/roarm_description/install/roarm_description/share/roarm_description/launch/roarm_gazebo.launch.py
[1.735s] -- Installing: /home/jos/Escritorio/roarm_description/install/roarm_description/share/roarm_description/meshes
[1.735s] -- Installing: /home/jos/Escritorio/roarm_description/install/roarm_description/share/roarm_description/meshes/base_so101_v2.stl
[1.736s] -- Installing: /home/jos/Escritorio/roarm_description/install/roarm_description/share/roarm_description/meshes/motor_holder_so101_wrist_v1.stl
[1.738s] -- Installing: /home/jos/Escritorio/roarm_description/install/roarm_description/share/roarm_description/meshes/motor_holder_so101_base_v1.stl
[1.741s] -- Installing: /home/jos/Escritorio/roarm_description/install/roarm_description/share/roarm_description/meshes/sts3215_03a_v1.stl
[1.744s] -- Installing: /home/jos/Escritorio/roarm_description/install/roarm_description/share/roarm_description/meshes/sts3215_03a_no_horn_v1.stl
[1.746s] -- Installing: /home/jos/Escritorio/roarm_description/install/roarm_description/share/roarm_description/meshes/rotation_pitch_so101_v1.stl
[1.748s] -- Installing: /home/jos/Escritorio/roarm_description/install/roarm_description/share/roarm_description/meshes/waveshare_mounting_plate_so101_v2.stl
[1.748s] -- Installing: /home/jos/Escritorio/roarm_description/install/roarm_description/share/roarm_description/meshes/upper_arm_so101_v1.stl
[1.752s] -- Installing: /home/jos/Escritorio/roarm_description/install/roarm_description/share/roarm_description/meshes/base_motor_holder_so101_v1.stl
[1.757s] -- Installing: /home/jos/Escritorio/roarm_description/install/roarm_description/share/roarm_description/meshes/moving_jaw_so101_v1.stl
[1.760s] -- Installing: /home/jos/Escritorio/roarm_description/install/roarm_description/share/roarm_description/meshes/wrist_roll_follower_so101_v1.stl
[1.764s] -- Installing: /home/jos/Escritorio/roarm_description/install/roarm_description/share/roarm_description/meshes/under_arm_so101_v1.stl
[1.769s] -- Installing: /home/jos/Escritorio/roarm_description/install/roarm_description/share/roarm_description/meshes/wrist_roll_pitch_so101_v2.stl
[1.776s] -- Installing: /home/jos/Escritorio/roarm_description/install/roarm_description/share/roarm_description/urdf
[1.776s] -- Installing: /home/jos/Escritorio/roarm_description/install/roarm_description/share/roarm_description/urdf/roarm.urdf
[1.776s] -- Installing: /home/jos/Escritorio/roarm_description/install/roarm_description/share/ament_index/resource_index/package_run_dependencies/roarm_description
[1.776s] -- Installing: /home/jos/Escritorio/roarm_description/install/roarm_description/share/ament_index/resource_index/parent_prefix_path/roarm_description
[1.776s] -- Installing: /home/jos/Escritorio/roarm_description/install/roarm_description/share/roarm_description/environment/ament_prefix_path.sh
[1.777s] -- Installing: /home/jos/Escritorio/roarm_description/install/roarm_description/share/roarm_description/environment/ament_prefix_path.dsv
[1.777s] -- Installing: /home/jos/Escritorio/roarm_description/install/roarm_description/share/roarm_description/environment/path.sh
[1.777s] -- Installing: /home/jos/Escritorio/roarm_description/install/roarm_description/share/roarm_description/environment/path.dsv
[1.777s] -- Installing: /home/jos/Escritorio/roarm_description/install/roarm_description/share/roarm_description/local_setup.bash
[1.777s] -- Installing: /home/jos/Escritorio/roarm_description/install/roarm_description/share/roarm_description/local_setup.sh
[1.778s] -- Installing: /home/jos/Escritorio/roarm_description/install/roarm_description/share/roarm_description/local_setup.zsh
[1.778s] -- Installing: /home/jos/Escritorio/roarm_description/install/roarm_description/share/roarm_description/local_setup.dsv
[1.778s] -- Installing: /home/jos/Escritorio/roarm_description/install/roarm_description/share/roarm_description/package.dsv
[1.779s] -- Installing: /home/jos/Escritorio/roarm_description/install/roarm_description/share/ament_index/resource_index/packages/roarm_description
[1.779s] -- Installing: /home/jos/Escritorio/roarm_description/install/roarm_description/share/roarm_description/cmake/roarm_descriptionConfig.cmake
[1.779s] -- Installing: /home/jos/Escritorio/roarm_description/install/roarm_description/share/roarm_description/cmake/roarm_descriptionConfig-version.cmake
[1.779s] -- Installing: /home/jos/Escritorio/roarm_description/install/roarm_description/share/roarm_description/package.xml
[1.781s] Invoked command in '/home/jos/Escritorio/roarm_description/build/roarm_description' returned '0': CMAKE_PREFIX_PATH=${CMAKE_PREFIX_PATH}:/opt/ros/humble /usr/bin/cmake --install /home/jos/Escritorio/roarm_description/build/roarm_description
