-- Install configuration: ""
-- Up-to-date: /home/jos/Escritorio/roarm_description/install/roarm_description/share/roarm_description/config
-- Up-to-date: /home/jos/Escritorio/roarm_description/install/roarm_description/share/roarm_description/config/controllers.yaml
-- Up-to-date: /home/jos/Escritorio/roarm_description/install/roarm_description/share/roarm_description/launch
-- Up-to-date: /home/jos/Escritorio/roarm_description/install/roarm_description/share/roarm_description/launch/roarm_gazebo.launch.py
-- Up-to-date: /home/jos/Escritorio/roarm_description/install/roarm_description/share/roarm_description/meshes
-- Up-to-date: /home/jos/Escritorio/roarm_description/install/roarm_description/share/roarm_description/meshes/base_so101_v2.stl
-- Up-to-date: /home/jos/Escritorio/roarm_description/install/roarm_description/share/roarm_description/meshes/motor_holder_so101_wrist_v1.stl
-- Up-to-date: /home/jos/Escritorio/roarm_description/install/roarm_description/share/roarm_description/meshes/motor_holder_so101_base_v1.stl
-- Up-to-date: /home/jos/Escritorio/roarm_description/install/roarm_description/share/roarm_description/meshes/sts3215_03a_v1.stl
-- Up-to-date: /home/jos/Escritorio/roarm_description/install/roarm_description/share/roarm_description/meshes/sts3215_03a_no_horn_v1.stl
-- Up-to-date: /home/jos/Escritorio/roarm_description/install/roarm_description/share/roarm_description/meshes/rotation_pitch_so101_v1.stl
-- Up-to-date: /home/jos/Escritorio/roarm_description/install/roarm_description/share/roarm_description/meshes/waveshare_mounting_plate_so101_v2.stl
-- Up-to-date: /home/jos/Escritorio/roarm_description/install/roarm_description/share/roarm_description/meshes/upper_arm_so101_v1.stl
-- Up-to-date: /home/jos/Escritorio/roarm_description/install/roarm_description/share/roarm_description/meshes/base_motor_holder_so101_v1.stl
-- Up-to-date: /home/jos/Escritorio/roarm_description/install/roarm_description/share/roarm_description/meshes/moving_jaw_so101_v1.stl
-- Up-to-date: /home/jos/Escritorio/roarm_description/install/roarm_description/share/roarm_description/meshes/wrist_roll_follower_so101_v1.stl
-- Up-to-date: /home/jos/Escritorio/roarm_description/install/roarm_description/share/roarm_description/meshes/under_arm_so101_v1.stl
-- Up-to-date: /home/jos/Escritorio/roarm_description/install/roarm_description/share/roarm_description/meshes/wrist_roll_pitch_so101_v2.stl
-- Up-to-date: /home/jos/Escritorio/roarm_description/install/roarm_description/share/roarm_description/urdf
-- Up-to-date: /home/jos/Escritorio/roarm_description/install/roarm_description/share/roarm_description/urdf/roarm.urdf
-- Up-to-date: /home/jos/Escritorio/roarm_description/install/roarm_description/share/ament_index/resource_index/package_run_dependencies/roarm_description
-- Up-to-date: /home/jos/Escritorio/roarm_description/install/roarm_description/share/ament_index/resource_index/parent_prefix_path/roarm_description
-- Up-to-date: /home/jos/Escritorio/roarm_description/install/roarm_description/share/roarm_description/environment/ament_prefix_path.sh
-- Up-to-date: /home/jos/Escritorio/roarm_description/install/roarm_description/share/roarm_description/environment/ament_prefix_path.dsv
-- Up-to-date: /home/jos/Escritorio/roarm_description/install/roarm_description/share/roarm_description/environment/path.sh
-- Up-to-date: /home/jos/Escritorio/roarm_description/install/roarm_description/share/roarm_description/environment/path.dsv
-- Up-to-date: /home/jos/Escritorio/roarm_description/install/roarm_description/share/roarm_description/local_setup.bash
-- Up-to-date: /home/jos/Escritorio/roarm_description/install/roarm_description/share/roarm_description/local_setup.sh
-- Up-to-date: /home/jos/Escritorio/roarm_description/install/roarm_description/share/roarm_description/local_setup.zsh
-- Up-to-date: /home/jos/Escritorio/roarm_description/install/roarm_description/share/roarm_description/local_setup.dsv
-- Up-to-date: /home/jos/Escritorio/roarm_description/install/roarm_description/share/roarm_description/package.dsv
-- Up-to-date: /home/jos/Escritorio/roarm_description/install/roarm_description/share/ament_index/resource_index/packages/roarm_description
-- Up-to-date: /home/jos/Escritorio/roarm_description/install/roarm_description/share/roarm_description/cmake/roarm_descriptionConfig.cmake
-- Up-to-date: /home/jos/Escritorio/roarm_description/install/roarm_description/share/roarm_description/cmake/roarm_descriptionConfig-version.cmake
-- Up-to-date: /home/jos/Escritorio/roarm_description/install/roarm_description/share/roarm_description/package.xml
