[0.015s] Invoking command in '/home/jos/Escritorio/roarm_description/build/roarm_description': /usr/bin/cmake /home/jos/Escritorio/roarm_description -DCMAKE_INSTALL_PREFIX=/home/jos/Escritorio/roarm_description/install/roarm_description
[0.031s] -- Found ament_cmake: 1.3.12 (/opt/ros/humble/share/ament_cmake/cmake)
[0.162s] -- Found rclcpp: 16.0.17 (/opt/ros/humble/share/rclcpp/cmake)
[0.188s] -- Found rosidl_generator_c: 3.1.8 (/opt/ros/humble/share/rosidl_generator_c/cmake)
[0.190s] -- Found rosidl_adapter: 3.1.8 (/opt/ros/humble/share/rosidl_adapter/cmake)
[0.196s] -- Found rosidl_generator_cpp: 3.1.8 (/opt/ros/humble/share/rosidl_generator_cpp/cmake)
[0.205s] -- Using all available rosidl_typesupport_c: rosidl_typesupport_fastrtps_c;rosidl_typesupport_introspection_c
[0.215s] -- Using all available rosidl_typesupport_cpp: rosidl_typesupport_fastrtps_cpp;rosidl_typesupport_introspection_cpp
[0.247s] -- Found rmw_implementation_cmake: 6.1.2 (/opt/ros/humble/share/rmw_implementation_cmake/cmake)
[0.248s] -- Found rmw_fastrtps_cpp: 6.2.9 (/opt/ros/humble/share/rmw_fastrtps_cpp/cmake)
[0.365s] -- Using RMW implementation 'rmw_fastrtps_cpp' as default
[0.406s] -- Found sensor_msgs: 4.9.0 (/opt/ros/humble/share/sensor_msgs/cmake)
[0.430s] -- Found gazebo_ros2_control: 0.4.10 (/opt/ros/humble/share/gazebo_ros2_control/cmake)
[0.585s] -- Found DART: /usr/include (Required is at least version "6.6") found components: dart 
[0.619s] -- Found Protobuf: /usr/lib/x86_64-linux-gnu/libprotobuf.so (found version "3.12.4") 
[0.620s] -- Looking for ignition-math6 -- found version 6.15.1
[0.624s] -- Searching for dependencies of ignition-math6
[0.625s] -- Looking for OGRE...
[0.633s] -- Found Ogre Ghadamon (1.9.0)
[0.634s] -- Found OGRE: optimized;/usr/lib/x86_64-linux-gnu/libOgreMain.so;debug;/usr/lib/x86_64-linux-gnu/libOgreMain.so
[0.642s] -- Looking for OGRE_Paging...
[0.643s] -- Found OGRE_Paging: optimized;/usr/lib/x86_64-linux-gnu/libOgrePaging.so;debug;/usr/lib/x86_64-linux-gnu/libOgrePaging.so
[0.643s] -- Looking for OGRE_Terrain...
[0.643s] -- Found OGRE_Terrain: optimized;/usr/lib/x86_64-linux-gnu/libOgreTerrain.so;debug;/usr/lib/x86_64-linux-gnu/libOgreTerrain.so
[0.643s] -- Looking for OGRE_Property...
[0.643s] -- Found OGRE_Property: optimized;/usr/lib/x86_64-linux-gnu/libOgreProperty.so;debug;/usr/lib/x86_64-linux-gnu/libOgreProperty.so
[0.643s] -- Looking for OGRE_RTShaderSystem...
[0.643s] -- Found OGRE_RTShaderSystem: optimized;/usr/lib/x86_64-linux-gnu/libOgreRTShaderSystem.so;debug;/usr/lib/x86_64-linux-gnu/libOgreRTShaderSystem.so
[0.643s] -- Looking for OGRE_Volume...
[0.643s] -- Found OGRE_Volume: optimized;/usr/lib/x86_64-linux-gnu/libOgreVolume.so;debug;/usr/lib/x86_64-linux-gnu/libOgreVolume.so
[0.643s] -- Looking for OGRE_Overlay...
[0.643s] -- Found OGRE_Overlay: optimized;/usr/lib/x86_64-linux-gnu/libOgreOverlay.so;debug;/usr/lib/x86_64-linux-gnu/libOgreOverlay.so
[0.741s] -- Looking for ignition-math6 -- found version 6.15.1
[0.741s] -- Looking for ignition-transport8 -- found version 8.2.1
[0.741s] -- Searching for dependencies of ignition-transport8
[0.765s] -- Found Protobuf: /usr/lib/x86_64-linux-gnu/libprotobuf.so (found suitable version "3.12.4", minimum required is "3") 
[0.777s] -- Config-file not installed for ZeroMQ -- checking for pkg-config
[0.784s] -- Checking for module 'libzmq >= 4'
[0.807s] --   Found libzmq , version 4.3.4
[0.882s] -- Checking for module 'uuid'
[0.905s] --   Found uuid, version 2.37.2
[0.966s] -- Looking for ignition-msgs5 -- found version 5.8.1
[0.966s] -- Searching for dependencies of ignition-msgs5
[0.990s] -- Looking for ignition-math6 -- found version 6.15.1
[0.999s] -- Looking for ignition-msgs5 -- found version 5.8.1
[0.999s] -- Looking for ignition-common3 -- found version 3.14.0
[0.999s] -- Searching for dependencies of ignition-common3
[1.000s] -- Looking for dlfcn.h - found
[1.000s] -- Looking for libdl - found
[1.014s] -- Searching for <ignition-common3> component [graphics]
[1.015s] -- Looking for ignition-common3-graphics -- found version 3.14.0
[1.015s] -- Searching for dependencies of ignition-common3-graphics
[1.015s] -- Looking for ignition-math6 -- found version 6.15.1
[1.016s] -- Looking for ignition-fuel_tools4 -- found version 4.4.0
[1.016s] -- Searching for dependencies of ignition-fuel_tools4
[1.071s] -- Checking for module 'jsoncpp'
[1.095s] --   Found jsoncpp, version 1.9.5
[1.167s] -- Checking for module 'libzip'
[1.190s] --   Found libzip, version 1.7.3
[1.254s] -- Looking for ignition-common3 -- found version 3.14.0
[1.254s] -- Looking for ignition-math6 -- found version 6.15.1
[1.254s] -- Looking for ignition-msgs5 -- found version 5.8.1
[1.256s] -- Gazebo version: 11.10
[1.264s] [0mCMake Error: File /home/jos/Escritorio/roarm_description/package.xml does not exist.[0m
[1.264s] [31mCMake Error at /opt/ros/humble/share/ament_cmake_core/cmake/core/stamp.cmake:24 (configure_file):
[1.264s]   configure_file Problem configuring file
[1.264s] Call Stack (most recent call first):
[1.264s]   /opt/ros/humble/share/ament_cmake_core/cmake/core/ament_package_xml.cmake:73 (stamp)
[1.264s]   /opt/ros/humble/share/ament_cmake_core/cmake/core/ament_package_xml.cmake:49 (_ament_package_xml)
[1.264s]   /opt/ros/humble/share/ament_cmake_core/cmake/core/ament_package.cmake:63 (ament_package_xml)
[1.264s]   CMakeLists.txt:21 (ament_package)
[1.265s] 
[1.265s] [0m
[1.267s] -- Configuring incomplete, errors occurred!
[1.267s] See also "/home/jos/Escritorio/roarm_description/build/roarm_description/CMakeFiles/CMakeOutput.log".
[1.283s] Invoked command in '/home/jos/Escritorio/roarm_description/build/roarm_description' returned '1': /usr/bin/cmake /home/jos/Escritorio/roarm_description -DCMAKE_INSTALL_PREFIX=/home/jos/Escritorio/roarm_description/install/roarm_description
