[0.013s] Invoking command in '/home/jos/Escritorio/roarm_description/build/roarm_description': /usr/bin/cmake /home/jos/Escritorio/roarm_description -DCMAKE_INSTALL_PREFIX=/home/jos/Escritorio/roarm_description/install/roarm_description
[0.128s] -- The C compiler identification is GNU 11.4.0
[0.239s] -- The CXX compiler identification is GNU 11.4.0
[0.255s] -- Detecting C compiler ABI info
[0.363s] -- Detecting C compiler ABI info - done
[0.369s] -- Check for working C compiler: /usr/bin/cc - skipped
[0.370s] -- Detecting C compile features
[0.370s] -- Detecting C compile features - done
[0.374s] -- Detecting CXX compiler ABI info
[0.485s] -- Detecting CXX compiler ABI info - done
[0.492s] -- Check for working CXX compiler: /usr/bin/c++ - skipped
[0.492s] -- Detecting CXX compile features
[0.492s] -- Detecting CXX compile features - done
[0.497s] -- Found ament_cmake: 1.3.12 (/opt/ros/humble/share/ament_cmake/cmake)
[0.655s] -- Found Python3: /usr/bin/python3 (found version "3.10.12") found components: Interpreter 
[0.765s] -- Found rclcpp: 16.0.17 (/opt/ros/humble/share/rclcpp/cmake)
[0.819s] -- Found rosidl_generator_c: 3.1.8 (/opt/ros/humble/share/rosidl_generator_c/cmake)
[0.825s] -- Found rosidl_adapter: 3.1.8 (/opt/ros/humble/share/rosidl_adapter/cmake)
[0.835s] -- Found rosidl_generator_cpp: 3.1.8 (/opt/ros/humble/share/rosidl_generator_cpp/cmake)
[0.850s] -- Using all available rosidl_typesupport_c: rosidl_typesupport_fastrtps_c;rosidl_typesupport_introspection_c
[0.868s] -- Using all available rosidl_typesupport_cpp: rosidl_typesupport_fastrtps_cpp;rosidl_typesupport_introspection_cpp
[0.921s] -- Found rmw_implementation_cmake: 6.1.2 (/opt/ros/humble/share/rmw_implementation_cmake/cmake)
[0.924s] -- Found rmw_fastrtps_cpp: 6.2.9 (/opt/ros/humble/share/rmw_fastrtps_cpp/cmake)
[1.056s] -- Found OpenSSL: /usr/lib/x86_64-linux-gnu/libcrypto.so (found version "3.0.2")  
[1.101s] -- Found FastRTPS: /opt/ros/humble/include  
[1.153s] -- Using RMW implementation 'rmw_fastrtps_cpp' as default
[1.163s] -- Looking for pthread.h
[1.272s] -- Looking for pthread.h - found
[1.272s] -- Performing Test CMAKE_HAVE_LIBC_PTHREAD
[1.375s] -- Performing Test CMAKE_HAVE_LIBC_PTHREAD - Success
[1.376s] -- Found Threads: TRUE  
[1.430s] -- Found sensor_msgs: 4.9.0 (/opt/ros/humble/share/sensor_msgs/cmake)
[1.462s] -- Found gazebo_ros2_control: 0.4.10 (/opt/ros/humble/share/gazebo_ros2_control/cmake)
[1.648s] -- Found PkgConfig: /usr/bin/pkg-config (found version "0.29.2") 
[1.649s] -- Checking for module 'bullet>=2.82'
[1.670s] --   Found bullet, version 3.05
[1.838s] -- Found fcl: /usr/include (found suitable version "0.7.0", minimum required is "0.5.0") 
[1.927s] -- Found assimp: /usr/include (found version "5.2.0") 
[1.946s] -- Found DART: /usr/include (Required is at least version "6.6") found components: dart 
[1.970s] -- Found Boost: /usr/lib/x86_64-linux-gnu/cmake/Boost-1.74.0/BoostConfig.cmake (found suitable version "1.74.0", minimum required is "1.40.0") found components: thread system filesystem program_options regex iostreams date_time 
[1.990s] -- Found Protobuf: /usr/lib/x86_64-linux-gnu/libprotobuf.so (found version "3.12.4") 
[1.996s] -- Looking for ignition-math6 -- found version 6.15.1
[2.004s] -- Searching for dependencies of ignition-math6
[2.006s] -- Looking for OGRE...
[2.006s] -- OGRE_PREFIX_WATCH changed.
[2.014s] -- Checking for module 'OGRE'
[2.035s] --   Found OGRE, version 1.9.0
[2.095s] -- Found Ogre Ghadamon (1.9.0)
[2.110s] -- Found OGRE: optimized;/usr/lib/x86_64-linux-gnu/libOgreMain.so;debug;/usr/lib/x86_64-linux-gnu/libOgreMain.so
[2.119s] -- Looking for OGRE_Paging...
[2.134s] -- Found OGRE_Paging: optimized;/usr/lib/x86_64-linux-gnu/libOgrePaging.so;debug;/usr/lib/x86_64-linux-gnu/libOgrePaging.so
[2.134s] -- Looking for OGRE_Terrain...
[2.146s] -- Found OGRE_Terrain: optimized;/usr/lib/x86_64-linux-gnu/libOgreTerrain.so;debug;/usr/lib/x86_64-linux-gnu/libOgreTerrain.so
[2.146s] -- Looking for OGRE_Property...
[2.156s] -- Found OGRE_Property: optimized;/usr/lib/x86_64-linux-gnu/libOgreProperty.so;debug;/usr/lib/x86_64-linux-gnu/libOgreProperty.so
[2.157s] -- Looking for OGRE_RTShaderSystem...
[2.162s] -- Found OGRE_RTShaderSystem: optimized;/usr/lib/x86_64-linux-gnu/libOgreRTShaderSystem.so;debug;/usr/lib/x86_64-linux-gnu/libOgreRTShaderSystem.so
[2.162s] -- Looking for OGRE_Volume...
[2.167s] -- Found OGRE_Volume: optimized;/usr/lib/x86_64-linux-gnu/libOgreVolume.so;debug;/usr/lib/x86_64-linux-gnu/libOgreVolume.so
[2.167s] -- Looking for OGRE_Overlay...
[2.171s] -- Found OGRE_Overlay: optimized;/usr/lib/x86_64-linux-gnu/libOgreOverlay.so;debug;/usr/lib/x86_64-linux-gnu/libOgreOverlay.so
[2.280s] -- Looking for ignition-math6 -- found version 6.15.1
[2.282s] -- Looking for ignition-transport8 -- found version 8.2.1
[2.283s] -- Searching for dependencies of ignition-transport8
[2.304s] -- Found Protobuf: /usr/lib/x86_64-linux-gnu/libprotobuf.so (found suitable version "3.12.4", minimum required is "3") 
[2.316s] -- Config-file not installed for ZeroMQ -- checking for pkg-config
[2.323s] -- Checking for module 'libzmq >= 4'
[2.347s] --   Found libzmq , version 4.3.4
[2.404s] -- Found ZeroMQ: TRUE (Required is at least version "4") 
[2.413s] -- Checking for module 'uuid'
[2.436s] --   Found uuid, version 2.37.2
[2.493s] -- Found UUID: TRUE  
[2.496s] -- Looking for ignition-msgs5 -- found version 5.8.1
[2.497s] -- Searching for dependencies of ignition-msgs5
[2.520s] -- Looking for ignition-math6 -- found version 6.15.1
[2.526s] -- Checking for module 'tinyxml2'
[2.548s] --   Found tinyxml2, version 9.0.0
[2.607s] -- Looking for ignition-msgs5 -- found version 5.8.1
[2.610s] -- Looking for ignition-common3 -- found version 3.14.0
[2.610s] -- Searching for dependencies of ignition-common3
[2.611s] -- Looking for dlfcn.h - found
[2.612s] -- Looking for libdl - found
[2.613s] -- Found DL: TRUE  
[2.627s] -- Found tinyobjloader: /usr/lib/x86_64-linux-gnu/cmake/tinyobjloader/tinyobjloader-config.cmake (found version "2.0.0") 
[2.627s] -- Searching for <ignition-common3> component [graphics]
[2.631s] -- Looking for ignition-common3-graphics -- found version 3.14.0
[2.631s] -- Searching for dependencies of ignition-common3-graphics
[2.631s] -- Looking for ignition-math6 -- found version 6.15.1
[2.635s] -- Looking for ignition-fuel_tools4 -- found version 4.4.0
[2.635s] -- Searching for dependencies of ignition-fuel_tools4
[2.760s] -- Found CURL: /usr/lib/x86_64-linux-gnu/libcurl.so (found version "7.81.0")  
[2.772s] -- Checking for module 'jsoncpp'
[2.796s] --   Found jsoncpp, version 1.9.5
[2.855s] -- Found JSONCPP: TRUE  
[2.864s] -- Checking for module 'libzip'
[2.886s] --   Found libzip, version 1.7.3
[2.945s] -- Found ZIP: TRUE  
[2.945s] -- Looking for ignition-common3 -- found version 3.14.0
[2.946s] -- Looking for ignition-math6 -- found version 6.15.1
[2.946s] -- Looking for ignition-msgs5 -- found version 5.8.1
[2.951s] -- Gazebo version: 11.10
[2.951s] -- Checking for module 'tbb'
[2.974s] --   Found tbb, version 2021.5.0
[3.050s] [0mCMake Error: File /home/jos/Escritorio/roarm_description/package.xml does not exist.[0m
[3.050s] [31mCMake Error at /opt/ros/humble/share/ament_cmake_core/cmake/core/stamp.cmake:24 (configure_file):
[3.050s]   configure_file Problem configuring file
[3.050s] Call Stack (most recent call first):
[3.050s]   /opt/ros/humble/share/ament_cmake_core/cmake/core/ament_package_xml.cmake:73 (stamp)
[3.051s]   /opt/ros/humble/share/ament_cmake_core/cmake/core/ament_package_xml.cmake:49 (_ament_package_xml)
[3.051s]   /opt/ros/humble/share/ament_cmake_core/cmake/core/ament_package.cmake:63 (ament_package_xml)
[3.051s]   CMakeLists.txt:21 (ament_package)
[3.051s] 
[3.051s] [0m
[3.055s] -- Configuring incomplete, errors occurred!
[3.055s] See also "/home/jos/Escritorio/roarm_description/build/roarm_description/CMakeFiles/CMakeOutput.log".
[3.075s] Invoked command in '/home/jos/Escritorio/roarm_description/build/roarm_description' returned '1': /usr/bin/cmake /home/jos/Escritorio/roarm_description -DCMAKE_INSTALL_PREFIX=/home/jos/Escritorio/roarm_description/install/roarm_description
